Using pre-set license
Built from '2020.3/staging' branch; Version is '2020.3.38f1 (8f5fde82e2dc) revision 9396190'; Using compiler version '192528614'; Build Type 'Release'
OS: 'Windows 11  (10.0.22631) 64bit Professional' Language: 'en' Physical Memory: 32065 MB
BatchMode: 1, IsHumanControllingUs: 0, StartBugReporterOnCrash: 0, Is64bit: 1, IsPro: 0

COMMAND LINE ARGUMENTS:
C:\Program Files\Unity\Hub\Editor\2020.3.38f1\Editor\Unity.exe
-adb2
-batchMode
-noUpm
-name
AssetImportWorker0
-projectPath
C:/Users/stamandtj/Documents/GitHub/ninjaAdventures
-logFile
Logs/AssetImportWorker0.log
-srvPort
57522
Successfully changed project path to: C:/Users/stamandtj/Documents/GitHub/ninjaAdventures
C:/Users/stamandtj/Documents/GitHub/ninjaAdventures
Using Asset Import Pipeline V2.
Refreshing native plugins compatible for Editor in 53.85 ms, found 3 plugins.
Preloading 0 native plugins for Editor in 0.00 ms.
Initialize engine version: 2020.3.38f1 (8f5fde82e2dc)
[Subsystems] Discovering subsystems at path C:/Program Files/Unity/Hub/Editor/2020.3.38f1/Editor/Data/Resources/UnitySubsystems
[Subsystems] Discovering subsystems at path C:/Users/stamandtj/Documents/GitHub/ninjaAdventures/Assets
GfxDevice: creating device client; threaded=0
Direct3D:
    Version:  Direct3D 11.0 [level 11.1]
    Renderer: AMD Radeon (TM) Graphics (ID=0x15e7)
    Vendor:   
    VRAM:     16032 MB
    Driver:   31.0.21018.9001
Initialize mono
Mono path[0] = 'C:/Program Files/Unity/Hub/Editor/2020.3.38f1/Editor/Data/Managed'
Mono path[1] = 'C:/Program Files/Unity/Hub/Editor/2020.3.38f1/Editor/Data/MonoBleedingEdge/lib/mono/unityjit'
Mono config path = 'C:/Program Files/Unity/Hub/Editor/2020.3.38f1/Editor/Data/MonoBleedingEdge/etc'
Using monoOptions --debugger-agent=transport=dt_socket,embedding=1,server=y,suspend=n,address=127.0.0.1:56512
Begin MonoManager ReloadAssembly
Registering precompiled unity dll's ...
Register platform support module: C:/Program Files/Unity/Hub/Editor/2020.3.38f1/Editor/Data/PlaybackEngines/WindowsStandaloneSupport/UnityEditor.WindowsStandalone.Extensions.dll
Registered in 0.001428 seconds.
Native extension for WindowsStandalone target not found
Refreshing native plugins compatible for Editor in 52.78 ms, found 3 plugins.
Preloading 0 native plugins for Editor in 0.00 ms.
Mono: successfully reloaded assembly
- Completed reload, in  0.535 seconds
Domain Reload Profiling:
	ReloadAssembly (535ms)
		BeginReloadAssembly (58ms)
			ExecutionOrderSort (0ms)
			DisableScriptedObjects (0ms)
			BackupInstance (0ms)
			ReleaseScriptingObjects (0ms)
			CreateAndSetChildDomain (1ms)
		EndReloadAssembly (414ms)
			LoadAssemblies (55ms)
			RebuildTransferFunctionScriptingTraits (0ms)
			SetupTypeCache (124ms)
			ReleaseScriptCaches (0ms)
			RebuildScriptCaches (25ms)
			SetupLoadedEditorAssemblies (172ms)
				LogAssemblyErrors (0ms)
				InitializePlatformSupportModulesInManaged (4ms)
				SetLoadedEditorAssemblies (0ms)
				RefreshPlugins (53ms)
				BeforeProcessingInitializeOnLoad (14ms)
				ProcessInitializeOnLoadAttributes (75ms)
				ProcessInitializeOnLoadMethodAttributes (26ms)
				AfterProcessingInitializeOnLoad (0ms)
				EditorAssembliesLoaded (0ms)
			ExecutionOrderSort2 (0ms)
			AwakeInstancesAfterBackupRestoration (0ms)
Platform modules already initialized, skipping
Registering precompiled user dll's ...
Registered in 0.002963 seconds.
Begin MonoManager ReloadAssembly
Native extension for WindowsStandalone target not found
Refreshing native plugins compatible for Editor in 52.58 ms, found 3 plugins.
Preloading 0 native plugins for Editor in 0.00 ms.
Mono: successfully reloaded assembly
- Completed reload, in  1.081 seconds
Domain Reload Profiling:
	ReloadAssembly (1081ms)
		BeginReloadAssembly (130ms)
			ExecutionOrderSort (0ms)
			DisableScriptedObjects (5ms)
			BackupInstance (0ms)
			ReleaseScriptingObjects (0ms)
			CreateAndSetChildDomain (22ms)
		EndReloadAssembly (895ms)
			LoadAssemblies (95ms)
			RebuildTransferFunctionScriptingTraits (0ms)
			SetupTypeCache (286ms)
			ReleaseScriptCaches (1ms)
			RebuildScriptCaches (42ms)
			SetupLoadedEditorAssemblies (384ms)
				LogAssemblyErrors (0ms)
				InitializePlatformSupportModulesInManaged (3ms)
				SetLoadedEditorAssemblies (0ms)
				RefreshPlugins (53ms)
				BeforeProcessingInitializeOnLoad (79ms)
				ProcessInitializeOnLoadAttributes (225ms)
				ProcessInitializeOnLoadMethodAttributes (20ms)
				AfterProcessingInitializeOnLoad (5ms)
				EditorAssembliesLoaded (0ms)
			ExecutionOrderSort2 (0ms)
			AwakeInstancesAfterBackupRestoration (2ms)
Platform modules already initialized, skipping
========================================================================
Worker process is ready to serve import requests
Launched and connected shader compiler UnityShaderCompiler.exe after 0.04 seconds
Refreshing native plugins compatible for Editor in 0.78 ms, found 3 plugins.
Preloading 0 native plugins for Editor in 0.00 ms.
Unloading 2568 Unused Serialized files (Serialized files now loaded: 0)
System memory in use before: 111.4 MB.
System memory in use after: 111.4 MB.

Unloading 34 unused Assets to reduce memory usage. Loaded Objects now: 3001.
Total: 4.220000 ms (FindLiveObjects: 0.250500 ms CreateObjectMapping: 0.167400 ms MarkObjects: 3.634500 ms  DeleteObjects: 0.166100 ms)

AssetImportParameters requested are different than current active one (requested -> active):
  custom:framework-win-MediaFoundation: 216162199b28c13a410421893ffa2e32 -> 
  custom:video-decoder-ogg-theora: a1e56fd34408186e4bbccfd4996cb3dc -> 
  custom:container-muxer-webm: aa71ff27fc2769a1b78a27578f13a17b -> 
  custom:container-demuxer-webm: 4f35f7cbe854078d1ac9338744f61a02 -> 
  custom:container-demuxer-ogg: 62fdf1f143b41e24485cea50d1cbac27 -> 
  custom:video-encoder-webm-vp8: eb34c28f22e8b96e1ab97ce403110664 -> 
  custom:video-decoder-webm-vp8: 9c59270c3fd7afecdb556c50c9e8de78 -> 
  custom:audio-decoder-ogg-vorbis: bf7c407c2cedff20999df2af8eb42d56 -> 
  custom:audio-encoder-webm-vorbis: bf7c407c2cedff20999df2af8eb42d56 -> 
========================================================================
Received Import Request.
  path: Assets/Tilemaps/TilesetFloor_45.asset
  artifactKey: Guid(360da11faa436e94286a593db659ad86) Importer(815301076,1909f56bfc062723c751e8b465ee728b)
Start importing Assets/Tilemaps/TilesetFloor_45.asset using Guid(360da11faa436e94286a593db659ad86) Importer(815301076,1909f56bfc062723c751e8b465ee728b)  -> (artifact id: '4f0f236f4b736f8d5dc035b42aa7b738') in 0.105063 seconds 
========================================================================
Received Import Request.
  Time since last request: 0.000409 seconds.
  path: Assets/Tilemaps/TilesetFloor_6.asset
  artifactKey: Guid(819c27bbe962e274a888d080db83b5d2) Importer(815301076,1909f56bfc062723c751e8b465ee728b)
Start importing Assets/Tilemaps/TilesetFloor_6.asset using Guid(819c27bbe962e274a888d080db83b5d2) Importer(815301076,1909f56bfc062723c751e8b465ee728b)  -> (artifact id: 'a0c7cd2d53127ed5aafb7e5065dffc40') in 0.016459 seconds 
========================================================================
Received Import Request.
  Time since last request: 0.000327 seconds.
  path: Assets/Tilemaps/TilesetFloor_68.asset
  artifactKey: Guid(3104d0f5d5f7aca49b74a20709fbd8a9) Importer(815301076,1909f56bfc062723c751e8b465ee728b)
Start importing Assets/Tilemaps/TilesetFloor_68.asset using Guid(3104d0f5d5f7aca49b74a20709fbd8a9) Importer(815301076,1909f56bfc062723c751e8b465ee728b)  -> (artifact id: 'b168b94d662c9709d1e9ecd74b73ff9a') in 0.017315 seconds 
========================================================================
Received Import Request.
  Time since last request: 0.000285 seconds.
  path: Assets/Tilemaps/TilesetFloor_50.asset
  artifactKey: Guid(dede081466b75ff478c2b243e93fb543) Importer(815301076,1909f56bfc062723c751e8b465ee728b)
Start importing Assets/Tilemaps/TilesetFloor_50.asset using Guid(dede081466b75ff478c2b243e93fb543) Importer(815301076,1909f56bfc062723c751e8b465ee728b)  -> (artifact id: '9900c6e6b249d798b3d7e789b64d9e3a') in 0.018895 seconds 
========================================================================
Received Import Request.
  Time since last request: 0.000352 seconds.
  path: Assets/Tilemaps/TilesetFloor_18.asset
  artifactKey: Guid(b4bb4b006ec778542abfdeb8f9709d26) Importer(815301076,1909f56bfc062723c751e8b465ee728b)
Start importing Assets/Tilemaps/TilesetFloor_18.asset using Guid(b4bb4b006ec778542abfdeb8f9709d26) Importer(815301076,1909f56bfc062723c751e8b465ee728b)  -> (artifact id: 'ee92448c77560e22b399d6ab415654c5') in 0.017776 seconds 
========================================================================
Received Import Request.
  Time since last request: 0.000340 seconds.
  path: Assets/Tilemaps/TilesetFloor_51.asset
  artifactKey: Guid(16afee77a62e38447841d3c7ba03c633) Importer(815301076,1909f56bfc062723c751e8b465ee728b)
Start importing Assets/Tilemaps/TilesetFloor_51.asset using Guid(16afee77a62e38447841d3c7ba03c633) Importer(815301076,1909f56bfc062723c751e8b465ee728b)  -> (artifact id: '4e96432841767d62f77019276b732a97') in 0.019274 seconds 
========================================================================
Received Import Request.
  Time since last request: 0.000524 seconds.
  path: Assets/Tilemaps/TilesetFloor_44.asset
  artifactKey: Guid(4a01b5dfda9fc3647a5c3172f6ac70e4) Importer(815301076,1909f56bfc062723c751e8b465ee728b)
Start importing Assets/Tilemaps/TilesetFloor_44.asset using Guid(4a01b5dfda9fc3647a5c3172f6ac70e4) Importer(815301076,1909f56bfc062723c751e8b465ee728b)  -> (artifact id: '4444206e708b46acfcf605e3f7f71958') in 0.016809 seconds 
========================================================================
Received Import Request.
  Time since last request: 0.000271 seconds.
  path: Assets/Tilemaps/TilesetFloor_57.asset
  artifactKey: Guid(fb1a6458258dcaf46bb38aa7a80a383f) Importer(815301076,1909f56bfc062723c751e8b465ee728b)
Start importing Assets/Tilemaps/TilesetFloor_57.asset using Guid(fb1a6458258dcaf46bb38aa7a80a383f) Importer(815301076,1909f56bfc062723c751e8b465ee728b)  -> (artifact id: '86331973580254a1414f862cdb6bb4a9') in 0.016094 seconds 
========================================================================
Received Import Request.
  Time since last request: 0.000325 seconds.
  path: Assets/Tilemaps/TilesetFloor_46.asset
  artifactKey: Guid(06d4c0d00aecd914291cb0f76fd92a72) Importer(815301076,1909f56bfc062723c751e8b465ee728b)
Start importing Assets/Tilemaps/TilesetFloor_46.asset using Guid(06d4c0d00aecd914291cb0f76fd92a72) Importer(815301076,1909f56bfc062723c751e8b465ee728b)  -> (artifact id: 'e0aeb3dc0de54b472189670b34fa66f5') in 0.018384 seconds 
========================================================================
Received Import Request.
  Time since last request: 0.000398 seconds.
  path: Assets/Tilemaps/TilesetFloor_61.asset
  artifactKey: Guid(3da82264386af6e44be6414fe8c3894a) Importer(815301076,1909f56bfc062723c751e8b465ee728b)
Start importing Assets/Tilemaps/TilesetFloor_61.asset using Guid(3da82264386af6e44be6414fe8c3894a) Importer(815301076,1909f56bfc062723c751e8b465ee728b)  -> (artifact id: '6da65cdaff20ab430f9c88bfcc126a86') in 0.018858 seconds 
========================================================================
Received Import Request.
  Time since last request: 0.000325 seconds.
  path: Assets/Tilemaps/TilesetFloor_70.asset
  artifactKey: Guid(48522ba270e348447b8146b9bab7d07f) Importer(815301076,1909f56bfc062723c751e8b465ee728b)
Start importing Assets/Tilemaps/TilesetFloor_70.asset using Guid(48522ba270e348447b8146b9bab7d07f) Importer(815301076,1909f56bfc062723c751e8b465ee728b)  -> (artifact id: '8215aeb05629040238d6a2c2f3f331c4') in 0.017047 seconds 
========================================================================
Received Import Request.
  Time since last request: 0.000398 seconds.
  path: Assets/Tilemaps/TilesetFloor_58.asset
  artifactKey: Guid(55acaaa540dcbd64fa90ae9aeffd1c76) Importer(815301076,1909f56bfc062723c751e8b465ee728b)
Start importing Assets/Tilemaps/TilesetFloor_58.asset using Guid(55acaaa540dcbd64fa90ae9aeffd1c76) Importer(815301076,1909f56bfc062723c751e8b465ee728b)  -> (artifact id: '34c17dca8c4073276354f5a7769ef2ff') in 0.018249 seconds 
========================================================================
Received Import Request.
  Time since last request: 0.000232 seconds.
  path: Assets/Tilemaps/TilesetFloor_78.asset
  artifactKey: Guid(217a5cf2dab7661488e5efd590198152) Importer(815301076,1909f56bfc062723c751e8b465ee728b)
Start importing Assets/Tilemaps/TilesetFloor_78.asset using Guid(217a5cf2dab7661488e5efd590198152) Importer(815301076,1909f56bfc062723c751e8b465ee728b)  -> (artifact id: '1a0d5b664c1052acda60bebf513e7242') in 0.018191 seconds 
========================================================================
Received Import Request.
  Time since last request: 0.000323 seconds.
  path: Assets/Tilemaps/TilesetFloor_32.asset
  artifactKey: Guid(69fdf03a3aec19746946df7f078926b0) Importer(815301076,1909f56bfc062723c751e8b465ee728b)
Start importing Assets/Tilemaps/TilesetFloor_32.asset using Guid(69fdf03a3aec19746946df7f078926b0) Importer(815301076,1909f56bfc062723c751e8b465ee728b)  -> (artifact id: 'e5fde214916597571330fdc038f3a1ae') in 0.020847 seconds 
========================================================================
Received Import Request.
  Time since last request: 0.000287 seconds.
  path: Assets/Tilemaps/TilesetFloor_40.asset
  artifactKey: Guid(b25b7752e8e62714a9ff0f3ada063f15) Importer(815301076,1909f56bfc062723c751e8b465ee728b)
Start importing Assets/Tilemaps/TilesetFloor_40.asset using Guid(b25b7752e8e62714a9ff0f3ada063f15) Importer(815301076,1909f56bfc062723c751e8b465ee728b)  -> (artifact id: 'b038dea22b7168a5cdca115ef25332f6') in 0.016991 seconds 
========================================================================
Received Import Request.
  Time since last request: 0.000328 seconds.
  path: Assets/Tilemaps/TilesetFloor_11.asset
  artifactKey: Guid(6b6abd235531b5543b2bd4e17908c01a) Importer(815301076,1909f56bfc062723c751e8b465ee728b)
Start importing Assets/Tilemaps/TilesetFloor_11.asset using Guid(6b6abd235531b5543b2bd4e17908c01a) Importer(815301076,1909f56bfc062723c751e8b465ee728b)  -> (artifact id: '14bc65dbb51d3542f9927c5666f6a6e5') in 0.017466 seconds 
========================================================================
Received Import Request.
  Time since last request: 0.000563 seconds.
  path: Assets/Tilemaps/TilesetFloor_7.asset
  artifactKey: Guid(96b8838ee1625a24589abebcd59ee36c) Importer(815301076,1909f56bfc062723c751e8b465ee728b)
Start importing Assets/Tilemaps/TilesetFloor_7.asset using Guid(96b8838ee1625a24589abebcd59ee36c) Importer(815301076,1909f56bfc062723c751e8b465ee728b)  -> (artifact id: 'e336d24db4221d69d9da67a467540b0a') in 0.017358 seconds 
========================================================================
Received Import Request.
  Time since last request: 0.000459 seconds.
  path: Assets/Tilemaps/TilesetFloor_16.asset
  artifactKey: Guid(79054ae9f2a227f49927e8bf82a40099) Importer(815301076,1909f56bfc062723c751e8b465ee728b)
Start importing Assets/Tilemaps/TilesetFloor_16.asset using Guid(79054ae9f2a227f49927e8bf82a40099) Importer(815301076,1909f56bfc062723c751e8b465ee728b)  -> (artifact id: '40e5e3ea69db2809b9c44c08adb2b894') in 0.016161 seconds 
========================================================================
Received Import Request.
  Time since last request: 0.000337 seconds.
  path: Assets/Tilemaps/TilesetFloor_39.asset
  artifactKey: Guid(6aebf34d2fcc8134c974b964b79765fb) Importer(815301076,1909f56bfc062723c751e8b465ee728b)
Start importing Assets/Tilemaps/TilesetFloor_39.asset using Guid(6aebf34d2fcc8134c974b964b79765fb) Importer(815301076,1909f56bfc062723c751e8b465ee728b)  -> (artifact id: 'ca334d51908e0bc1121c199adb44c9de') in 0.016238 seconds 
========================================================================
Received Import Request.
  Time since last request: 0.000425 seconds.
  path: Assets/Tilemaps/TilesetFloor_66.asset
  artifactKey: Guid(501c984e8bdbab24abea5b1abd746373) Importer(815301076,1909f56bfc062723c751e8b465ee728b)
Start importing Assets/Tilemaps/TilesetFloor_66.asset using Guid(501c984e8bdbab24abea5b1abd746373) Importer(815301076,1909f56bfc062723c751e8b465ee728b)  -> (artifact id: '423c7b0affc59315c0f981e5f5131dbe') in 0.016030 seconds 
========================================================================
Received Import Request.
  Time since last request: 0.000335 seconds.
  path: Assets/Tilemaps/TilesetFloor_43.asset
  artifactKey: Guid(77fd01e14ac133f4e8421238c34f54ab) Importer(815301076,1909f56bfc062723c751e8b465ee728b)
Start importing Assets/Tilemaps/TilesetFloor_43.asset using Guid(77fd01e14ac133f4e8421238c34f54ab) Importer(815301076,1909f56bfc062723c751e8b465ee728b)  -> (artifact id: '7294fa509b00b03ef9d05daa25440469') in 0.019493 seconds 
========================================================================
Received Import Request.
  Time since last request: 0.000511 seconds.
  path: Assets/Tilemaps/TilesetFloor_56.asset
  artifactKey: Guid(b5586679cba75f2459b99361efc67763) Importer(815301076,1909f56bfc062723c751e8b465ee728b)
Start importing Assets/Tilemaps/TilesetFloor_56.asset using Guid(b5586679cba75f2459b99361efc67763) Importer(815301076,1909f56bfc062723c751e8b465ee728b)  -> (artifact id: 'ca77fef5fbee74ee3a45936bb1cdb470') in 0.015743 seconds 
========================================================================
Received Import Request.
  Time since last request: 0.000330 seconds.
  path: Assets/Tilemaps/TilesetFloor_79.asset
  artifactKey: Guid(508fc8de22cdc4d4d8a4345fe6495b18) Importer(815301076,1909f56bfc062723c751e8b465ee728b)
Start importing Assets/Tilemaps/TilesetFloor_79.asset using Guid(508fc8de22cdc4d4d8a4345fe6495b18) Importer(815301076,1909f56bfc062723c751e8b465ee728b)  -> (artifact id: '720f568d56cb85fb9098d786fd08114a') in 0.018756 seconds 
========================================================================
Received Import Request.
  Time since last request: 0.000282 seconds.
  path: Assets/Tilemaps/TilesetFloor_19.asset
  artifactKey: Guid(1c22f28fe561fe14690cddd215593c0f) Importer(815301076,1909f56bfc062723c751e8b465ee728b)
Start importing Assets/Tilemaps/TilesetFloor_19.asset using Guid(1c22f28fe561fe14690cddd215593c0f) Importer(815301076,1909f56bfc062723c751e8b465ee728b)  -> (artifact id: '78c7499a5345a43aaadba3e1bd26cf09') in 0.021149 seconds 
========================================================================
Received Import Request.
  Time since last request: 0.000330 seconds.
  path: Assets/Tilemaps/TilesetFloor_30.asset
  artifactKey: Guid(1f1e2548312c671478b714c4f00e3bf8) Importer(815301076,1909f56bfc062723c751e8b465ee728b)
Start importing Assets/Tilemaps/TilesetFloor_30.asset using Guid(1f1e2548312c671478b714c4f00e3bf8) Importer(815301076,1909f56bfc062723c751e8b465ee728b)  -> (artifact id: '02f5ab5dbe1dc0dc298fb447be4dcf8f') in 0.017361 seconds 
========================================================================
Received Import Request.
  Time since last request: 0.000516 seconds.
  path: Assets/Tilemaps/TilesetFloor_36.asset
  artifactKey: Guid(ca2ac0cca38c3ea498fdf0fd989647cb) Importer(815301076,1909f56bfc062723c751e8b465ee728b)
Start importing Assets/Tilemaps/TilesetFloor_36.asset using Guid(ca2ac0cca38c3ea498fdf0fd989647cb) Importer(815301076,1909f56bfc062723c751e8b465ee728b)  -> (artifact id: '9f92cb5d98bf58aa2dfbca7328160413') in 0.018886 seconds 
========================================================================
Received Import Request.
  Time since last request: 0.000418 seconds.
  path: Assets/Tilemaps/TilesetFloor_77.asset
  artifactKey: Guid(de88169fd50d55f43a9c43a58517398e) Importer(815301076,1909f56bfc062723c751e8b465ee728b)
Start importing Assets/Tilemaps/TilesetFloor_77.asset using Guid(de88169fd50d55f43a9c43a58517398e) Importer(815301076,1909f56bfc062723c751e8b465ee728b)  -> (artifact id: 'a22c5f20fe4b8d6d29c82fb3c80f52cd') in 0.019596 seconds 
========================================================================
Received Import Request.
  Time since last request: 0.000309 seconds.
  path: Assets/Tilemaps/TilesetFloor_26.asset
  artifactKey: Guid(e974b17d26e0b794aaf1153983022fe1) Importer(815301076,1909f56bfc062723c751e8b465ee728b)
Start importing Assets/Tilemaps/TilesetFloor_26.asset using Guid(e974b17d26e0b794aaf1153983022fe1) Importer(815301076,1909f56bfc062723c751e8b465ee728b)  -> (artifact id: '60642a834e467e92221e98fd96a1fb71') in 0.014197 seconds 
========================================================================
Received Import Request.
  Time since last request: 0.000594 seconds.
  path: Assets/Tilemaps/TilesetFloor_71.asset
  artifactKey: Guid(2a44738f36a895246baa69ad22d023db) Importer(815301076,1909f56bfc062723c751e8b465ee728b)
Start importing Assets/Tilemaps/TilesetFloor_71.asset using Guid(2a44738f36a895246baa69ad22d023db) Importer(815301076,1909f56bfc062723c751e8b465ee728b)  -> (artifact id: '3b73e6a48f4a52a05ea3ddbbadf29db7') in 0.016673 seconds 
========================================================================
Received Import Request.
  Time since last request: 0.000282 seconds.
  path: Assets/Tilemaps/TilesetFloor_69.asset
  artifactKey: Guid(83248a5fde95f20429cbf6fd68db2bda) Importer(815301076,1909f56bfc062723c751e8b465ee728b)
Start importing Assets/Tilemaps/TilesetFloor_69.asset using Guid(83248a5fde95f20429cbf6fd68db2bda) Importer(815301076,1909f56bfc062723c751e8b465ee728b)  -> (artifact id: '52b88c6be4375f09c4160cbdece2d2b4') in 0.017866 seconds 
========================================================================
Received Import Request.
  Time since last request: 0.000495 seconds.
  path: Assets/Tilemaps/TilesetFloor_20.asset
  artifactKey: Guid(6b621e3135342af42b8458f488e24faa) Importer(815301076,1909f56bfc062723c751e8b465ee728b)
Start importing Assets/Tilemaps/TilesetFloor_20.asset using Guid(6b621e3135342af42b8458f488e24faa) Importer(815301076,1909f56bfc062723c751e8b465ee728b)  -> (artifact id: 'f8e17627332fca575445e8e45e8c96d3') in 0.015932 seconds 
========================================================================
Received Import Request.
  Time since last request: 0.000289 seconds.
  path: Assets/Tilemaps/TilesetFloor_53.asset
  artifactKey: Guid(0154683b9b2a35b46a9691fc693beb0a) Importer(815301076,1909f56bfc062723c751e8b465ee728b)
Start importing Assets/Tilemaps/TilesetFloor_53.asset using Guid(0154683b9b2a35b46a9691fc693beb0a) Importer(815301076,1909f56bfc062723c751e8b465ee728b)  -> (artifact id: '9fe199e5238cd99644b500e06d227a11') in 0.017141 seconds 
========================================================================
Received Import Request.
  Time since last request: 0.000372 seconds.
  path: Assets/Tilemaps/TilesetFloor_48.asset
  artifactKey: Guid(9d44bbfbeeec22347af7d370f40824a0) Importer(815301076,1909f56bfc062723c751e8b465ee728b)
Start importing Assets/Tilemaps/TilesetFloor_48.asset using Guid(9d44bbfbeeec22347af7d370f40824a0) Importer(815301076,1909f56bfc062723c751e8b465ee728b)  -> (artifact id: '4dc2c20eb63d0656490cacdc1c13c675') in 0.016720 seconds 
========================================================================
Received Import Request.
  Time since last request: 0.000392 seconds.
  path: Assets/Tilemaps/TilesetFloor_47.asset
  artifactKey: Guid(a59058efdaa5f7740b10b8b0e4a59235) Importer(815301076,1909f56bfc062723c751e8b465ee728b)
Start importing Assets/Tilemaps/TilesetFloor_47.asset using Guid(a59058efdaa5f7740b10b8b0e4a59235) Importer(815301076,1909f56bfc062723c751e8b465ee728b)  -> (artifact id: 'ee3b70c8b0b82e5490ebb609478166c1') in 0.016400 seconds 
========================================================================
Received Import Request.
  Time since last request: 0.000307 seconds.
  path: Assets/Tilemaps/TilesetFloor_21.asset
  artifactKey: Guid(a74ef9d5bea6bfc4d80c477d377ce590) Importer(815301076,1909f56bfc062723c751e8b465ee728b)
Start importing Assets/Tilemaps/TilesetFloor_21.asset using Guid(a74ef9d5bea6bfc4d80c477d377ce590) Importer(815301076,1909f56bfc062723c751e8b465ee728b)  -> (artifact id: 'f1358a7ea600f8d4b580df319cab70e0') in 0.016076 seconds 
========================================================================
Received Import Request.
  Time since last request: 0.000348 seconds.
  path: Assets/Tilemaps/TilesetFloor_29.asset
  artifactKey: Guid(e2a48b5ab078d9d41b3c00862ad37770) Importer(815301076,1909f56bfc062723c751e8b465ee728b)
Start importing Assets/Tilemaps/TilesetFloor_29.asset using Guid(e2a48b5ab078d9d41b3c00862ad37770) Importer(815301076,1909f56bfc062723c751e8b465ee728b)  -> (artifact id: '5f818116aea0a248c98f4868ca70ee42') in 0.015596 seconds 
========================================================================
Received Import Request.
  Time since last request: 0.000421 seconds.
  path: Assets/Tilemaps/TilesetFloor_41.asset
  artifactKey: Guid(169d258a962b3fe49a2c385b7d85be49) Importer(815301076,1909f56bfc062723c751e8b465ee728b)
Start importing Assets/Tilemaps/TilesetFloor_41.asset using Guid(169d258a962b3fe49a2c385b7d85be49) Importer(815301076,1909f56bfc062723c751e8b465ee728b)  -> (artifact id: 'bd7d1a183b1461bb6f4d1bc0db38b6f7') in 0.017689 seconds 
========================================================================
Received Import Request.
  Time since last request: 0.000372 seconds.
  path: Assets/Tilemaps/TilesetFloor_31.asset
  artifactKey: Guid(d2a97e6eca899b7428963dc072e55888) Importer(815301076,1909f56bfc062723c751e8b465ee728b)
Start importing Assets/Tilemaps/TilesetFloor_31.asset using Guid(d2a97e6eca899b7428963dc072e55888) Importer(815301076,1909f56bfc062723c751e8b465ee728b)  -> (artifact id: '4b26f4a4d8cca85989fbb74a803fceb0') in 0.016999 seconds 
========================================================================
Received Import Request.
  Time since last request: 0.000484 seconds.
  path: Assets/Tilemaps/Game.prefab
  artifactKey: Guid(1f9ca7375be986e44ad9cd728bb9e9c8) Importer(815301076,1909f56bfc062723c751e8b465ee728b)
Start importing Assets/Tilemaps/Game.prefab using Guid(1f9ca7375be986e44ad9cd728bb9e9c8) Importer(815301076,1909f56bfc062723c751e8b465ee728b)  -> (artifact id: '423715219dbcb0d3f7c850c2116eeecf') in 0.118098 seconds 
========================================================================
Received Import Request.
  Time since last request: 0.000349 seconds.
  path: Assets/Tilemaps/TilesetFloor_15.asset
  artifactKey: Guid(62868ec5e24a1f44d9725399dfa7d0e7) Importer(815301076,1909f56bfc062723c751e8b465ee728b)
Start importing Assets/Tilemaps/TilesetFloor_15.asset using Guid(62868ec5e24a1f44d9725399dfa7d0e7) Importer(815301076,1909f56bfc062723c751e8b465ee728b)  -> (artifact id: '000e0641d3c7fc5aa404bcbd20e910b6') in 0.014783 seconds 
========================================================================
Received Import Request.
  Time since last request: 0.000322 seconds.
  path: Assets/Tilemaps/TilesetFloor_5.asset
  artifactKey: Guid(2bb66b5792de60c40a7eb8708cc0ad30) Importer(815301076,1909f56bfc062723c751e8b465ee728b)
Start importing Assets/Tilemaps/TilesetFloor_5.asset using Guid(2bb66b5792de60c40a7eb8708cc0ad30) Importer(815301076,1909f56bfc062723c751e8b465ee728b)  -> (artifact id: '90b4bd00abec9a829da23ddd59c35bdf') in 0.018210 seconds 
========================================================================
Received Import Request.
  Time since last request: 0.000302 seconds.
  path: Assets/Tilemaps/TilesetFloor_4.asset
  artifactKey: Guid(1657bd57e4009cb449f5588adc1f39ac) Importer(815301076,1909f56bfc062723c751e8b465ee728b)
Start importing Assets/Tilemaps/TilesetFloor_4.asset using Guid(1657bd57e4009cb449f5588adc1f39ac) Importer(815301076,1909f56bfc062723c751e8b465ee728b)  -> (artifact id: '0d44929c9f39874c17e11aafbd6cfc7f') in 0.015318 seconds 
========================================================================
Received Import Request.
  Time since last request: 0.000336 seconds.
  path: Assets/Tilemaps/TilesetFloor_9.asset
  artifactKey: Guid(384eb05d3c0fc404189273f0f88f2718) Importer(815301076,1909f56bfc062723c751e8b465ee728b)
Start importing Assets/Tilemaps/TilesetFloor_9.asset using Guid(384eb05d3c0fc404189273f0f88f2718) Importer(815301076,1909f56bfc062723c751e8b465ee728b)  -> (artifact id: '13f7918990d04756c6947cf68a59098c') in 0.016493 seconds 
========================================================================
Received Import Request.
  Time since last request: 0.000343 seconds.
  path: Assets/Tilemaps/TilesetFloor_62.asset
  artifactKey: Guid(a5590eeb6e10f034e94b55acd0810410) Importer(815301076,1909f56bfc062723c751e8b465ee728b)
Start importing Assets/Tilemaps/TilesetFloor_62.asset using Guid(a5590eeb6e10f034e94b55acd0810410) Importer(815301076,1909f56bfc062723c751e8b465ee728b)  -> (artifact id: '1e11b250fd78143139040d1493e871da') in 0.018898 seconds 
========================================================================
Received Import Request.
  Time since last request: 0.000298 seconds.
  path: Assets/Tilemaps/TilesetFloor_35.asset
  artifactKey: Guid(2cdc68040723d5d49a6f11314ace3d9b) Importer(815301076,1909f56bfc062723c751e8b465ee728b)
Start importing Assets/Tilemaps/TilesetFloor_35.asset using Guid(2cdc68040723d5d49a6f11314ace3d9b) Importer(815301076,1909f56bfc062723c751e8b465ee728b)  -> (artifact id: '0c29ad35e5a8f7d9c7dbd2949dcf786f') in 0.016244 seconds 
========================================================================
Received Import Request.
  Time since last request: 0.000283 seconds.
  path: Assets/Tilemaps/TilesetFloor_0.asset
  artifactKey: Guid(2b493c388736ea34db02185c7ca81531) Importer(815301076,1909f56bfc062723c751e8b465ee728b)
Start importing Assets/Tilemaps/TilesetFloor_0.asset using Guid(2b493c388736ea34db02185c7ca81531) Importer(815301076,1909f56bfc062723c751e8b465ee728b)  -> (artifact id: '9afc3c2e558977421f24a131c972611e') in 0.017821 seconds 
========================================================================
Received Import Request.
  Time since last request: 0.000330 seconds.
  path: Assets/Tilemaps/TilesetFloor_1.asset
  artifactKey: Guid(82f8ba67f26bd7548ba4fa6567dfe4fc) Importer(815301076,1909f56bfc062723c751e8b465ee728b)
Start importing Assets/Tilemaps/TilesetFloor_1.asset using Guid(82f8ba67f26bd7548ba4fa6567dfe4fc) Importer(815301076,1909f56bfc062723c751e8b465ee728b)  -> (artifact id: '81dfc74f876020f6212fac5238b3d800') in 0.019319 seconds 
========================================================================
Received Import Request.
  Time since last request: 0.000359 seconds.
  path: Assets/Tilemaps/TilesetFloor_14.asset
  artifactKey: Guid(b54e33fbd3521a949ba8a9262c89c676) Importer(815301076,1909f56bfc062723c751e8b465ee728b)
Start importing Assets/Tilemaps/TilesetFloor_14.asset using Guid(b54e33fbd3521a949ba8a9262c89c676) Importer(815301076,1909f56bfc062723c751e8b465ee728b)  -> (artifact id: '3946e3776243952c78eeb053368dd383') in 0.018303 seconds 
========================================================================
Received Import Request.
  Time since last request: 0.000304 seconds.
  path: Assets/Tilemaps/TilesetFloor_75.asset
  artifactKey: Guid(168088d4e5ac24e46933443f847f2948) Importer(815301076,1909f56bfc062723c751e8b465ee728b)
Start importing Assets/Tilemaps/TilesetFloor_75.asset using Guid(168088d4e5ac24e46933443f847f2948) Importer(815301076,1909f56bfc062723c751e8b465ee728b)  -> (artifact id: '45515980defbb65c40fa65d7970df2cf') in 0.018375 seconds 
========================================================================
Received Import Request.
  Time since last request: 0.000412 seconds.
  path: Assets/Tilemaps/TilesetFloor_17.asset
  artifactKey: Guid(d13073018c59ad444acf0be99c672a1e) Importer(815301076,1909f56bfc062723c751e8b465ee728b)
Start importing Assets/Tilemaps/TilesetFloor_17.asset using Guid(d13073018c59ad444acf0be99c672a1e) Importer(815301076,1909f56bfc062723c751e8b465ee728b)  -> (artifact id: '13f88abcbbf5156fdf682b9c737ff229') in 0.017736 seconds 
========================================================================
Received Import Request.
  Time since last request: 0.000290 seconds.
  path: Assets/Tilemaps/TilesetFloor_25.asset
  artifactKey: Guid(0e775228a0a01ae459aab9f03b5f24f7) Importer(815301076,1909f56bfc062723c751e8b465ee728b)
Start importing Assets/Tilemaps/TilesetFloor_25.asset using Guid(0e775228a0a01ae459aab9f03b5f24f7) Importer(815301076,1909f56bfc062723c751e8b465ee728b)  -> (artifact id: '0a540a8452de712c04c5ea4d566d3950') in 0.017957 seconds 
========================================================================
Received Import Request.
  Time since last request: 0.000333 seconds.
  path: Assets/Tilemaps/TilesetFloor_8.asset
  artifactKey: Guid(ad35fafa45a522d49b3c2d88da267075) Importer(815301076,1909f56bfc062723c751e8b465ee728b)
Start importing Assets/Tilemaps/TilesetFloor_8.asset using Guid(ad35fafa45a522d49b3c2d88da267075) Importer(815301076,1909f56bfc062723c751e8b465ee728b)  -> (artifact id: '69d439530b9a2bde3060a29787a2adc0') in 0.017143 seconds 
========================================================================
Received Import Request.
  Time since last request: 0.000383 seconds.
  path: Assets/Tilemaps/TilesetFloor_49.asset
  artifactKey: Guid(3834e397c4cb50a4a91b9a3d5bc9a824) Importer(815301076,1909f56bfc062723c751e8b465ee728b)
Start importing Assets/Tilemaps/TilesetFloor_49.asset using Guid(3834e397c4cb50a4a91b9a3d5bc9a824) Importer(815301076,1909f56bfc062723c751e8b465ee728b)  -> (artifact id: '10f74a46a1268aa60f6a63379b415514') in 0.017265 seconds 
========================================================================
Received Import Request.
  Time since last request: 0.000328 seconds.
  path: Assets/Tilemaps/TilesetFloor_24.asset
  artifactKey: Guid(3c8bb8f74b8313c47bb1de6967d51548) Importer(815301076,1909f56bfc062723c751e8b465ee728b)
Start importing Assets/Tilemaps/TilesetFloor_24.asset using Guid(3c8bb8f74b8313c47bb1de6967d51548) Importer(815301076,1909f56bfc062723c751e8b465ee728b)  -> (artifact id: '3d91743f68fb6f07a2f8c30a8ff52ddd') in 0.017883 seconds 
========================================================================
Received Import Request.
  Time since last request: 0.000277 seconds.
  path: Assets/Tilemaps/TilesetFloor_55.asset
  artifactKey: Guid(4fe9f04c2d9806240988b5beba50b244) Importer(815301076,1909f56bfc062723c751e8b465ee728b)
Start importing Assets/Tilemaps/TilesetFloor_55.asset using Guid(4fe9f04c2d9806240988b5beba50b244) Importer(815301076,1909f56bfc062723c751e8b465ee728b)  -> (artifact id: '66ffe08a770bb2a8d1d34fec94027a6b') in 0.019546 seconds 
========================================================================
Received Import Request.
  Time since last request: 0.000311 seconds.
  path: Assets/Tilemaps/TilesetFloor_76.asset
  artifactKey: Guid(87cd174b1c9582d4497b2f39375c007c) Importer(815301076,1909f56bfc062723c751e8b465ee728b)
Start importing Assets/Tilemaps/TilesetFloor_76.asset using Guid(87cd174b1c9582d4497b2f39375c007c) Importer(815301076,1909f56bfc062723c751e8b465ee728b)  -> (artifact id: 'f0ae94a15b85f2c087098ac95cf51a1b') in 0.017444 seconds 
========================================================================
Received Import Request.
  Time since last request: 0.000302 seconds.
  path: Assets/Tilemaps/TilesetFloor_12.asset
  artifactKey: Guid(561612c32a21e224c97102dad63846d8) Importer(815301076,1909f56bfc062723c751e8b465ee728b)
Start importing Assets/Tilemaps/TilesetFloor_12.asset using Guid(561612c32a21e224c97102dad63846d8) Importer(815301076,1909f56bfc062723c751e8b465ee728b)  -> (artifact id: 'bb96dc972ba0fbc001d4d855661ab77a') in 0.016656 seconds 
========================================================================
Received Import Request.
  Time since last request: 0.000312 seconds.
  path: Assets/Tilemaps/TilesetFloor_54.asset
  artifactKey: Guid(b67d4ad1c7d29fe4db92f508472f299a) Importer(815301076,1909f56bfc062723c751e8b465ee728b)
Start importing Assets/Tilemaps/TilesetFloor_54.asset using Guid(b67d4ad1c7d29fe4db92f508472f299a) Importer(815301076,1909f56bfc062723c751e8b465ee728b)  -> (artifact id: 'e58b1ac7df33e313357a978ac7cab841') in 0.018411 seconds 
========================================================================
Received Import Request.
  Time since last request: 0.000277 seconds.
  path: Assets/Tilemaps/TilesetFloor_13.asset
  artifactKey: Guid(22343d382b0d3134d8f3a8c7b043e9e7) Importer(815301076,1909f56bfc062723c751e8b465ee728b)
Start importing Assets/Tilemaps/TilesetFloor_13.asset using Guid(22343d382b0d3134d8f3a8c7b043e9e7) Importer(815301076,1909f56bfc062723c751e8b465ee728b)  -> (artifact id: '0ffadc2b3ffbd27b2c8d4d552f08f284') in 0.017393 seconds 
========================================================================
Received Import Request.
  Time since last request: 0.000266 seconds.
  path: Assets/Tilemaps/TilesetFloor_2.asset
  artifactKey: Guid(dbc65eaa19436eb4489f5ab32fe8ef3b) Importer(815301076,1909f56bfc062723c751e8b465ee728b)
Start importing Assets/Tilemaps/TilesetFloor_2.asset using Guid(dbc65eaa19436eb4489f5ab32fe8ef3b) Importer(815301076,1909f56bfc062723c751e8b465ee728b)  -> (artifact id: '85964f04845caf8505b1a3f84b230b4f') in 0.018281 seconds 
========================================================================
Received Import Request.
  Time since last request: 0.000491 seconds.
  path: Assets/Tilemaps/TilesetFloor_33.asset
  artifactKey: Guid(f5441effa6496614fba66153b9b1944b) Importer(815301076,1909f56bfc062723c751e8b465ee728b)
Start importing Assets/Tilemaps/TilesetFloor_33.asset using Guid(f5441effa6496614fba66153b9b1944b) Importer(815301076,1909f56bfc062723c751e8b465ee728b)  -> (artifact id: '8923283274178b7ac01de9772858c4f1') in 0.017796 seconds 
========================================================================
Received Import Request.
  Time since last request: 0.000374 seconds.
  path: Assets/Tilemaps/TilesetFloor_37.asset
  artifactKey: Guid(ef8a51d2ad6a4d94da06c41b5ced6e23) Importer(815301076,1909f56bfc062723c751e8b465ee728b)
Start importing Assets/Tilemaps/TilesetFloor_37.asset using Guid(ef8a51d2ad6a4d94da06c41b5ced6e23) Importer(815301076,1909f56bfc062723c751e8b465ee728b)  -> (artifact id: '3ec75fa84163115758224b65e465bf37') in 0.016325 seconds 
========================================================================
Received Import Request.
  Time since last request: 0.000282 seconds.
  path: Assets/Tilemaps/TilesetFloor_67.asset
  artifactKey: Guid(99a02ca1c07b49342bbefb2c0cf06ab4) Importer(815301076,1909f56bfc062723c751e8b465ee728b)
Start importing Assets/Tilemaps/TilesetFloor_67.asset using Guid(99a02ca1c07b49342bbefb2c0cf06ab4) Importer(815301076,1909f56bfc062723c751e8b465ee728b)  -> (artifact id: 'b7559f18cce3891471c3ed7a093af70b') in 0.017135 seconds 
========================================================================
Received Import Request.
  Time since last request: 0.000384 seconds.
  path: Assets/Tilemaps/TilesetFloor_23.asset
  artifactKey: Guid(c851d04b7086fd14888150842041e256) Importer(815301076,1909f56bfc062723c751e8b465ee728b)
Start importing Assets/Tilemaps/TilesetFloor_23.asset using Guid(c851d04b7086fd14888150842041e256) Importer(815301076,1909f56bfc062723c751e8b465ee728b)  -> (artifact id: '6b3606c05678a5a4395f115ad1a226b2') in 0.019267 seconds 
========================================================================
Received Import Request.
  Time since last request: 0.000266 seconds.
  path: Assets/Tilemaps/TilesetFloor_42.asset
  artifactKey: Guid(b7c0b8ece0ebb474d8e43e9107e451fc) Importer(815301076,1909f56bfc062723c751e8b465ee728b)
Start importing Assets/Tilemaps/TilesetFloor_42.asset using Guid(b7c0b8ece0ebb474d8e43e9107e451fc) Importer(815301076,1909f56bfc062723c751e8b465ee728b)  -> (artifact id: '6cd4aa007c3f92efdadfe450c16094d9') in 0.017030 seconds 
========================================================================
Received Import Request.
  Time since last request: 0.000301 seconds.
  path: Assets/Tilemaps/TilesetFloor_59.asset
  artifactKey: Guid(002778d6631af594d8be651027ff98e0) Importer(815301076,1909f56bfc062723c751e8b465ee728b)
Start importing Assets/Tilemaps/TilesetFloor_59.asset using Guid(002778d6631af594d8be651027ff98e0) Importer(815301076,1909f56bfc062723c751e8b465ee728b)  -> (artifact id: '9e8fa19460eabf7b9a780566c7bc3fea') in 0.018655 seconds 
========================================================================
Received Import Request.
  Time since last request: 0.000331 seconds.
  path: Assets/Tilemaps/TilesetFloor_64.asset
  artifactKey: Guid(13db728bb3af56447bfbb5effa2cdbd0) Importer(815301076,1909f56bfc062723c751e8b465ee728b)
Start importing Assets/Tilemaps/TilesetFloor_64.asset using Guid(13db728bb3af56447bfbb5effa2cdbd0) Importer(815301076,1909f56bfc062723c751e8b465ee728b)  -> (artifact id: '286f967bc52012f5c80df82f95d579ee') in 0.016487 seconds 
========================================================================
Received Import Request.
  Time since last request: 0.000329 seconds.
  path: Assets/Tilemaps/TilesetFloor_63.asset
  artifactKey: Guid(b95a842cb233d7545997e910ff74581f) Importer(815301076,1909f56bfc062723c751e8b465ee728b)
Start importing Assets/Tilemaps/TilesetFloor_63.asset using Guid(b95a842cb233d7545997e910ff74581f) Importer(815301076,1909f56bfc062723c751e8b465ee728b)  -> (artifact id: '5a5a77eb82ef4615546be9832c8ec9bc') in 0.017664 seconds 
========================================================================
Received Import Request.
  Time since last request: 0.000299 seconds.
  path: Assets/Tilemaps/TilesetFloor_52.asset
  artifactKey: Guid(5c5332b6dd4972b4a84ea9c98a6a0507) Importer(815301076,1909f56bfc062723c751e8b465ee728b)
Start importing Assets/Tilemaps/TilesetFloor_52.asset using Guid(5c5332b6dd4972b4a84ea9c98a6a0507) Importer(815301076,1909f56bfc062723c751e8b465ee728b)  -> (artifact id: '4c85f7d300f210b1a43af905c71d3a7a') in 0.019399 seconds 
========================================================================
Received Import Request.
  Time since last request: 0.000344 seconds.
  path: Assets/Tilemaps/TilesetFloor_27.asset
  artifactKey: Guid(7c7ac9cb9f9e6ac4dabe4c4ec5f027c7) Importer(815301076,1909f56bfc062723c751e8b465ee728b)
Start importing Assets/Tilemaps/TilesetFloor_27.asset using Guid(7c7ac9cb9f9e6ac4dabe4c4ec5f027c7) Importer(815301076,1909f56bfc062723c751e8b465ee728b)  -> (artifact id: '0b02a2b701a4aefedfea750fed77b3fd') in 0.016082 seconds 
========================================================================
Received Import Request.
  Time since last request: 0.000353 seconds.
  path: Assets/Tilemaps/TilesetFloor_3.asset
  artifactKey: Guid(9352d9866245c53428348d897a6867e2) Importer(815301076,1909f56bfc062723c751e8b465ee728b)
Start importing Assets/Tilemaps/TilesetFloor_3.asset using Guid(9352d9866245c53428348d897a6867e2) Importer(815301076,1909f56bfc062723c751e8b465ee728b)  -> (artifact id: '766f2ff9e31713bcb33b73ac37fe3854') in 0.017025 seconds 
========================================================================
Received Import Request.
  Time since last request: 0.000350 seconds.
  path: Assets/Tilemaps/TilesetFloor_28.asset
  artifactKey: Guid(6d7ba97022801d54cb7c01de370886ea) Importer(815301076,1909f56bfc062723c751e8b465ee728b)
Start importing Assets/Tilemaps/TilesetFloor_28.asset using Guid(6d7ba97022801d54cb7c01de370886ea) Importer(815301076,1909f56bfc062723c751e8b465ee728b)  -> (artifact id: '54f8e5ba32d10fbe9951c3f910bb0cf1') in 0.019149 seconds 
========================================================================
Received Import Request.
  Time since last request: 0.000430 seconds.
  path: Assets/Tilemaps/TilesetFloor_38.asset
  artifactKey: Guid(66f844db5a0d438439b9b7e2b4d5c515) Importer(815301076,1909f56bfc062723c751e8b465ee728b)
Start importing Assets/Tilemaps/TilesetFloor_38.asset using Guid(66f844db5a0d438439b9b7e2b4d5c515) Importer(815301076,1909f56bfc062723c751e8b465ee728b)  -> (artifact id: '5714e0d7a7efe11e08cce9d6fc14899c') in 0.015443 seconds 
========================================================================
Received Import Request.
  Time since last request: 0.000275 seconds.
  path: Assets/Tilemaps/TilesetFloor_73.asset
  artifactKey: Guid(290a573931eb7424fbeaf21c3076b5ce) Importer(815301076,1909f56bfc062723c751e8b465ee728b)
Start importing Assets/Tilemaps/TilesetFloor_73.asset using Guid(290a573931eb7424fbeaf21c3076b5ce) Importer(815301076,1909f56bfc062723c751e8b465ee728b)  -> (artifact id: '0ef2b93ddc63ef45662a2d6fd05c9a3d') in 0.017709 seconds 
========================================================================
Received Import Request.
  Time since last request: 0.000284 seconds.
  path: Assets/Tilemaps/TilesetFloor_74.asset
  artifactKey: Guid(3cb09222b91b44d42b4fb3536e79fd89) Importer(815301076,1909f56bfc062723c751e8b465ee728b)
Start importing Assets/Tilemaps/TilesetFloor_74.asset using Guid(3cb09222b91b44d42b4fb3536e79fd89) Importer(815301076,1909f56bfc062723c751e8b465ee728b)  -> (artifact id: 'fd7da4cbc3caa74c33bc5f11eaff881c') in 0.017207 seconds 
========================================================================
Received Import Request.
  Time since last request: 0.000358 seconds.
  path: Assets/Tilemaps/TilesetFloor_60.asset
  artifactKey: Guid(d0a0dd26be432364088b6137d053f3ac) Importer(815301076,1909f56bfc062723c751e8b465ee728b)
Start importing Assets/Tilemaps/TilesetFloor_60.asset using Guid(d0a0dd26be432364088b6137d053f3ac) Importer(815301076,1909f56bfc062723c751e8b465ee728b)  -> (artifact id: '4e1617dd8b369fd1941c1d04a0eb1d66') in 0.017797 seconds 
========================================================================
Received Import Request.
  Time since last request: 0.000358 seconds.
  path: Assets/Tilemaps/TilesetFloor_10.asset
  artifactKey: Guid(94441cd22baea30449128266f8ff7766) Importer(815301076,1909f56bfc062723c751e8b465ee728b)
Start importing Assets/Tilemaps/TilesetFloor_10.asset using Guid(94441cd22baea30449128266f8ff7766) Importer(815301076,1909f56bfc062723c751e8b465ee728b)  -> (artifact id: 'ef9aeffcadcd445537ecba387513ddf0') in 0.016681 seconds 
========================================================================
Received Import Request.
  Time since last request: 0.000343 seconds.
  path: Assets/Tilemaps/TilesetFloor_34.asset
  artifactKey: Guid(3376f4b8910ff684e904f58bda838777) Importer(815301076,1909f56bfc062723c751e8b465ee728b)
Start importing Assets/Tilemaps/TilesetFloor_34.asset using Guid(3376f4b8910ff684e904f58bda838777) Importer(815301076,1909f56bfc062723c751e8b465ee728b)  -> (artifact id: 'f05247836c448a2c61350b063a4b7e3e') in 0.018423 seconds 
========================================================================
Received Import Request.
  Time since last request: 0.000286 seconds.
  path: Assets/Tilemaps/TilesetFloor_22.asset
  artifactKey: Guid(b2eaa4f2474a4ef4cae8f9cf65cb405f) Importer(815301076,1909f56bfc062723c751e8b465ee728b)
Start importing Assets/Tilemaps/TilesetFloor_22.asset using Guid(b2eaa4f2474a4ef4cae8f9cf65cb405f) Importer(815301076,1909f56bfc062723c751e8b465ee728b)  -> (artifact id: '272a45aaca45e0ad619c84588c262f66') in 0.016494 seconds 
========================================================================
Received Import Request.
  Time since last request: 0.000326 seconds.
  path: Assets/Tilemaps/TilesetFloor_65.asset
  artifactKey: Guid(ce3839b1629b05f48b8fb8cec6723cc8) Importer(815301076,1909f56bfc062723c751e8b465ee728b)
Start importing Assets/Tilemaps/TilesetFloor_65.asset using Guid(ce3839b1629b05f48b8fb8cec6723cc8) Importer(815301076,1909f56bfc062723c751e8b465ee728b)  -> (artifact id: '714824dd362107a1cdbcca5cfb25ca0e') in 0.020194 seconds 
========================================================================
Received Import Request.
  Time since last request: 0.000384 seconds.
  path: Assets/Tilemaps/TilesetFloor_72.asset
  artifactKey: Guid(62cb125a36c4abd40ad34eaead212406) Importer(815301076,1909f56bfc062723c751e8b465ee728b)
Start importing Assets/Tilemaps/TilesetFloor_72.asset using Guid(62cb125a36c4abd40ad34eaead212406) Importer(815301076,1909f56bfc062723c751e8b465ee728b)  -> (artifact id: 'b7b4df1a0e4e2d809905f2c60b585adc') in 0.019535 seconds 
========================================================================
Received Import Request.
  Time since last request: 43.817101 seconds.
  path: Assets/NinjaAdventure/Backgrounds/Tilesets/New Palette 1.prefab
  artifactKey: Guid(14f56b48aa026904382b7913378fdafc) Importer(815301076,1909f56bfc062723c751e8b465ee728b)
Start importing Assets/NinjaAdventure/Backgrounds/Tilesets/New Palette 1.prefab using Guid(14f56b48aa026904382b7913378fdafc) Importer(815301076,1909f56bfc062723c751e8b465ee728b)  -> (artifact id: '601e215f61019ee10ef5f6e848e7852c') in 0.019583 seconds 
========================================================================
Received Import Request.
  Time since last request: 17.396345 seconds.
  path: Assets/NinjaAdventure/Backgrounds/Tilesets/Tileset_water.png
  artifactKey: Guid(44107b3b22e71f24585a952cb8772ec6) Importer(815301076,1909f56bfc062723c751e8b465ee728b)
Start importing Assets/NinjaAdventure/Backgrounds/Tilesets/Tileset_water.png using Guid(44107b3b22e71f24585a952cb8772ec6) Importer(815301076,1909f56bfc062723c751e8b465ee728b)  -> (artifact id: 'c5a63d095d6617d746946feea356c2b7') in 0.040141 seconds 
========================================================================
Received Import Request.
  Time since last request: 11.141032 seconds.
  path: Assets/NinjaAdventure/Backgrounds/Tilesets/Tileset_water.png
  artifactKey: Guid(44107b3b22e71f24585a952cb8772ec6) Importer(815301076,1909f56bfc062723c751e8b465ee728b)
Start importing Assets/NinjaAdventure/Backgrounds/Tilesets/Tileset_water.png using Guid(44107b3b22e71f24585a952cb8772ec6) Importer(815301076,1909f56bfc062723c751e8b465ee728b)  -> (artifact id: '730e744fd3a07e8de231c7f4fc48bcbe') in 0.014068 seconds 
========================================================================
Received Import Request.
  Time since last request: 132.886423 seconds.
  path: Assets/NinjaAdventure/Backgrounds/Tilesets/Tileset_Nature.png
  artifactKey: Guid(060506cac92f6c442816fae5c91f69a5) Importer(815301076,1909f56bfc062723c751e8b465ee728b)
Start importing Assets/NinjaAdventure/Backgrounds/Tilesets/Tileset_Nature.png using Guid(060506cac92f6c442816fae5c91f69a5) Importer(815301076,1909f56bfc062723c751e8b465ee728b)  -> (artifact id: '328a347a497e99d4290605c24f808150') in 0.030630 seconds 
========================================================================
Received Import Request.
  Time since last request: 0.000355 seconds.
  path: Assets/NinjaAdventure/Backgrounds/Tilesets/TilesetHouse.png
  artifactKey: Guid(331325470a86393439eae1b351c27b8d) Importer(815301076,1909f56bfc062723c751e8b465ee728b)
Start importing Assets/NinjaAdventure/Backgrounds/Tilesets/TilesetHouse.png using Guid(331325470a86393439eae1b351c27b8d) Importer(815301076,1909f56bfc062723c751e8b465ee728b)  -> (artifact id: '80c9380cffa7e06b04132869c4517416') in 0.022750 seconds 
========================================================================
Received Import Request.
  Time since last request: 0.000276 seconds.
  path: Assets/NinjaAdventure/Backgrounds/Tilesets/TilesetFloorDetail.png
  artifactKey: Guid(75cfa750fa80624499a31802d1bceb06) Importer(815301076,1909f56bfc062723c751e8b465ee728b)
Start importing Assets/NinjaAdventure/Backgrounds/Tilesets/TilesetFloorDetail.png using Guid(75cfa750fa80624499a31802d1bceb06) Importer(815301076,1909f56bfc062723c751e8b465ee728b)  -> (artifact id: '1a44871eadbd2d9eada9bd193743852a') in 0.021769 seconds 
========================================================================
Received Import Request.
  Time since last request: 0.000345 seconds.
  path: Assets/NinjaAdventure/Backgrounds/Tilesets/Tileset_water.png
  artifactKey: Guid(44107b3b22e71f24585a952cb8772ec6) Importer(815301076,1909f56bfc062723c751e8b465ee728b)
Start importing Assets/NinjaAdventure/Backgrounds/Tilesets/Tileset_water.png using Guid(44107b3b22e71f24585a952cb8772ec6) Importer(815301076,1909f56bfc062723c751e8b465ee728b)  -> (artifact id: '349ab08ef7c32621de3b9930f01180c0') in 0.023486 seconds 
========================================================================
Received Import Request.
  Time since last request: 0.000304 seconds.
  path: Assets/NinjaAdventure/Backgrounds/Tilesets/TilesetElement.png
  artifactKey: Guid(081df93681777604d8cc1fbb041aef34) Importer(815301076,1909f56bfc062723c751e8b465ee728b)
Start importing Assets/NinjaAdventure/Backgrounds/Tilesets/TilesetElement.png using Guid(081df93681777604d8cc1fbb041aef34) Importer(815301076,1909f56bfc062723c751e8b465ee728b)  -> (artifact id: '191ae805e66f4c4b243b976c9875b43b') in 0.030479 seconds 
========================================================================
Received Import Request.
  Time since last request: 0.000280 seconds.
  path: Assets/NinjaAdventure/Backgrounds/Tilesets/TilesetFloor.png
  artifactKey: Guid(64179f401db051c419558db3aa4b3b07) Importer(815301076,1909f56bfc062723c751e8b465ee728b)
Start importing Assets/NinjaAdventure/Backgrounds/Tilesets/TilesetFloor.png using Guid(64179f401db051c419558db3aa4b3b07) Importer(815301076,1909f56bfc062723c751e8b465ee728b)  -> (artifact id: 'dff0f5f75e5c1070322932f60cfc983a') in 0.024559 seconds 
========================================================================
Received Import Request.
  Time since last request: 13.830570 seconds.
  path: Assets/NinjaAdventure/Backgrounds/Tilesets/Tileset_Nature.png
  artifactKey: Guid(060506cac92f6c442816fae5c91f69a5) Importer(815301076,1909f56bfc062723c751e8b465ee728b)
Start importing Assets/NinjaAdventure/Backgrounds/Tilesets/Tileset_Nature.png using Guid(060506cac92f6c442816fae5c91f69a5) Importer(815301076,1909f56bfc062723c751e8b465ee728b)  -> (artifact id: '4abc5b3718cd3eadb6d3f0d14d87c47d') in 0.015089 seconds 
========================================================================
Received Import Request.
  Time since last request: 0.000504 seconds.
  path: Assets/NinjaAdventure/Backgrounds/Tilesets/TilesetHouse.png
  artifactKey: Guid(331325470a86393439eae1b351c27b8d) Importer(815301076,1909f56bfc062723c751e8b465ee728b)
Start importing Assets/NinjaAdventure/Backgrounds/Tilesets/TilesetHouse.png using Guid(331325470a86393439eae1b351c27b8d) Importer(815301076,1909f56bfc062723c751e8b465ee728b)  -> (artifact id: '901e68f8fe1f383e8c65cfef0ff20745') in 0.018111 seconds 
========================================================================
Received Import Request.
  Time since last request: 0.000317 seconds.
  path: Assets/NinjaAdventure/Backgrounds/Tilesets/TilesetFloorDetail.png
  artifactKey: Guid(75cfa750fa80624499a31802d1bceb06) Importer(815301076,1909f56bfc062723c751e8b465ee728b)
Start importing Assets/NinjaAdventure/Backgrounds/Tilesets/TilesetFloorDetail.png using Guid(75cfa750fa80624499a31802d1bceb06) Importer(815301076,1909f56bfc062723c751e8b465ee728b)  -> (artifact id: 'cbe900dee65be103d8f7b87dde11fbe1') in 0.015615 seconds 
========================================================================
Received Import Request.
  Time since last request: 0.000266 seconds.
  path: Assets/NinjaAdventure/Backgrounds/Tilesets/TilesetElement.png
  artifactKey: Guid(081df93681777604d8cc1fbb041aef34) Importer(815301076,1909f56bfc062723c751e8b465ee728b)
Start importing Assets/NinjaAdventure/Backgrounds/Tilesets/TilesetElement.png using Guid(081df93681777604d8cc1fbb041aef34) Importer(815301076,1909f56bfc062723c751e8b465ee728b)  -> (artifact id: '6705459e5e159f4848455e01b7c38796') in 0.016446 seconds 
========================================================================
Received Import Request.
  Time since last request: 0.000485 seconds.
  path: Assets/NinjaAdventure/Backgrounds/Tilesets/TilesetFloor.png
  artifactKey: Guid(64179f401db051c419558db3aa4b3b07) Importer(815301076,1909f56bfc062723c751e8b465ee728b)
Start importing Assets/NinjaAdventure/Backgrounds/Tilesets/TilesetFloor.png using Guid(64179f401db051c419558db3aa4b3b07) Importer(815301076,1909f56bfc062723c751e8b465ee728b)  -> (artifact id: 'b36794656cea784b6d61e1d0e7613246') in 0.020335 seconds 
========================================================================
Received Import Request.
  Time since last request: 27.622640 seconds.
  path: Assets/NinjaAdventure/Backgrounds/Tilesets/TilesetHouse.png
  artifactKey: Guid(331325470a86393439eae1b351c27b8d) Importer(815301076,1909f56bfc062723c751e8b465ee728b)
Start importing Assets/NinjaAdventure/Backgrounds/Tilesets/TilesetHouse.png using Guid(331325470a86393439eae1b351c27b8d) Importer(815301076,1909f56bfc062723c751e8b465ee728b)  -> (artifact id: 'cd0500250cf23b51a029fb0e2c8a3458') in 0.118390 seconds 
========================================================================
Received Import Request.
  Time since last request: 23.159390 seconds.
  path: Assets/NinjaAdventure/Backgrounds/Tilesets/TilesetFloorDetail.png
  artifactKey: Guid(75cfa750fa80624499a31802d1bceb06) Importer(815301076,1909f56bfc062723c751e8b465ee728b)
Start importing Assets/NinjaAdventure/Backgrounds/Tilesets/TilesetFloorDetail.png using Guid(75cfa750fa80624499a31802d1bceb06) Importer(815301076,1909f56bfc062723c751e8b465ee728b)  -> (artifact id: '985c070c5416f2d0823703a739c8b05a') in 0.102397 seconds 
========================================================================
Received Import Request.
  Time since last request: 75.457144 seconds.
  path: Assets/NinjaAdventure/Backgrounds/Tilesets/TilesetElement.png
  artifactKey: Guid(081df93681777604d8cc1fbb041aef34) Importer(815301076,1909f56bfc062723c751e8b465ee728b)
Start importing Assets/NinjaAdventure/Backgrounds/Tilesets/TilesetElement.png using Guid(081df93681777604d8cc1fbb041aef34) Importer(815301076,1909f56bfc062723c751e8b465ee728b)  -> (artifact id: '22b1b5df8eb8ffad45c8b8e3d19fd45d') in 0.274010 seconds 
========================================================================
Received Import Request.
  Time since last request: 8.458888 seconds.
  path: Assets/NinjaAdventure/Backgrounds/Tilesets/Tileset_water.png
  artifactKey: Guid(44107b3b22e71f24585a952cb8772ec6) Importer(815301076,1909f56bfc062723c751e8b465ee728b)
Start importing Assets/NinjaAdventure/Backgrounds/Tilesets/Tileset_water.png using Guid(44107b3b22e71f24585a952cb8772ec6) Importer(815301076,1909f56bfc062723c751e8b465ee728b)  -> (artifact id: '07a67a3b367c24c5afec2597d1ea5dda') in 0.155569 seconds 
========================================================================
Received Import Request.
  Time since last request: 14.098198 seconds.
  path: Assets/NinjaAdventure/Backgrounds/Tilesets/Interior/TilesetInterior.png
  artifactKey: Guid(4156240ce35fdf74589edeb52dfebfaf) Importer(815301076,1909f56bfc062723c751e8b465ee728b)
Start importing Assets/NinjaAdventure/Backgrounds/Tilesets/Interior/TilesetInterior.png using Guid(4156240ce35fdf74589edeb52dfebfaf) Importer(815301076,1909f56bfc062723c751e8b465ee728b)  -> (artifact id: 'b260b3d1bf2572e392da22c84b94c2d2') in 0.032888 seconds 
========================================================================
Received Import Request.
  Time since last request: 13.885820 seconds.
  path: Assets/NinjaAdventure/Backgrounds/Tilesets/Interior/TilesetInterior.png
  artifactKey: Guid(4156240ce35fdf74589edeb52dfebfaf) Importer(815301076,1909f56bfc062723c751e8b465ee728b)
Start importing Assets/NinjaAdventure/Backgrounds/Tilesets/Interior/TilesetInterior.png using Guid(4156240ce35fdf74589edeb52dfebfaf) Importer(815301076,1909f56bfc062723c751e8b465ee728b)  -> (artifact id: '16b9123c327ade26df3409e5674c3c32') in 0.026283 seconds 
========================================================================
Received Import Request.
  Time since last request: 0.000498 seconds.
  path: Assets/NinjaAdventure/Backgrounds/Tilesets/Interior/TilesetWallSimple.png
  artifactKey: Guid(ba3408e485d058e4b9dd29c246f2a5f1) Importer(815301076,1909f56bfc062723c751e8b465ee728b)
Start importing Assets/NinjaAdventure/Backgrounds/Tilesets/Interior/TilesetWallSimple.png using Guid(ba3408e485d058e4b9dd29c246f2a5f1) Importer(815301076,1909f56bfc062723c751e8b465ee728b)  -> (artifact id: '589361df7c1f3736aa4bdf93a0011a85') in 0.029859 seconds 
========================================================================
Received Import Request.
  Time since last request: 15.462366 seconds.
  path: Assets/NinjaAdventure/Backgrounds/Tilesets/Interior/TilesetWallSimple.png
  artifactKey: Guid(ba3408e485d058e4b9dd29c246f2a5f1) Importer(815301076,1909f56bfc062723c751e8b465ee728b)
Start importing Assets/NinjaAdventure/Backgrounds/Tilesets/Interior/TilesetWallSimple.png using Guid(ba3408e485d058e4b9dd29c246f2a5f1) Importer(815301076,1909f56bfc062723c751e8b465ee728b)  -> (artifact id: '2c6cf88b9689ed5a9efe13e9ff0fb00c') in 0.239087 seconds 
========================================================================
Received Import Request.
  Time since last request: 844.682700 seconds.
  path: Assets/NinjaAdventure/Backgrounds/Tilesets/TilesetHouse.png
  artifactKey: Guid(331325470a86393439eae1b351c27b8d) Importer(815301076,1909f56bfc062723c751e8b465ee728b)
Start importing Assets/NinjaAdventure/Backgrounds/Tilesets/TilesetHouse.png using Guid(331325470a86393439eae1b351c27b8d) Importer(815301076,1909f56bfc062723c751e8b465ee728b)  -> (artifact id: '79b5dc0f5c6882a468a4b2867853b29b') in 0.118198 seconds 
========================================================================
Received Import Request.
  Time since last request: 98.765102 seconds.
  path: Assets/NinjaAdventure/Backgrounds/Tilesets/TilesetHouse.png
  artifactKey: Guid(331325470a86393439eae1b351c27b8d) Importer(815301076,1909f56bfc062723c751e8b465ee728b)
Start importing Assets/NinjaAdventure/Backgrounds/Tilesets/TilesetHouse.png using Guid(331325470a86393439eae1b351c27b8d) Importer(815301076,1909f56bfc062723c751e8b465ee728b)  -> (artifact id: 'e77c3b3b6cc374a9b3247c92c610abe1') in 0.073290 seconds 
========================================================================
Received Import Request.
  Time since last request: 318.807644 seconds.
  path: ProjectSettings/TagManager.asset
  artifactKey: Guid(00000000000000003000000000000000) Importer(815301076,1909f56bfc062723c751e8b465ee728b)
Start importing ProjectSettings/TagManager.asset using Guid(00000000000000003000000000000000) Importer(815301076,1909f56bfc062723c751e8b465ee728b)  -> (artifact id: '981f346267fb1b967869ae68e02208a6') in 0.016165 seconds 
AssetImportWorkerClient::OnTransportError - code=2 error=End of file
